0 info it worked if it ends with ok
1 verbose cli [ 'node', '/usr/local/bin/npm', 'install', 'stats.js' ]
2 info using npm@1.4.28
3 info using node@v0.10.32
4 warn package.json city@0.0.0 No README data
5 warn package.json stats@1.0.0 No repository field.
6 verbose readDependencies using package.json deps
7 verbose cache add [ 'stats.js', null ]
8 verbose cache add name=undefined spec="stats.js" args=["stats.js",null]
9 verbose parsed url { protocol: null,
9 verbose parsed url   slashes: null,
9 verbose parsed url   auth: null,
9 verbose parsed url   host: null,
9 verbose parsed url   port: null,
9 verbose parsed url   hostname: null,
9 verbose parsed url   hash: null,
9 verbose parsed url   search: null,
9 verbose parsed url   query: null,
9 verbose parsed url   pathname: 'stats.js',
9 verbose parsed url   path: 'stats.js',
9 verbose parsed url   href: 'stats.js' }
10 silly lockFile c26b5f34-stats-js stats.js
11 verbose lock stats.js /Users/santi/.npm/c26b5f34-stats-js.lock
12 silly lockFile c26b5f34-stats-js stats.js
13 silly lockFile c26b5f34-stats-js stats.js
14 verbose addNamed [ 'stats.js', '' ]
15 verbose addNamed [ null, '*' ]
16 silly lockFile 7dc73c36-stats-js stats.js@
17 verbose lock stats.js@ /Users/santi/.npm/7dc73c36-stats-js.lock
18 silly addNameRange { name: 'stats.js', range: '*', hasData: false }
19 verbose request where is /stats.js
20 verbose request registry https://registry.npmjs.org/
21 verbose request id 5937b8cc943b633c
22 verbose url raw /stats.js
23 verbose url resolving [ 'https://registry.npmjs.org/', './stats.js' ]
24 verbose url resolved https://registry.npmjs.org/stats.js
25 verbose request where is https://registry.npmjs.org/stats.js
26 info trying registry request attempt 1 at 23:45:01
27 http GET https://registry.npmjs.org/stats.js
28 http 404 https://registry.npmjs.org/stats.js
29 verbose headers { date: 'Tue, 04 Nov 2014 22:41:22 GMT',
29 verbose headers   server: 'CouchDB/1.5.0 (Erlang OTP/R16B03)',
29 verbose headers   'content-type': 'application/json',
29 verbose headers   'cache-control': 'max-age=0',
29 verbose headers   'content-length': '52',
29 verbose headers   'accept-ranges': 'bytes',
29 verbose headers   via: '1.1 varnish',
29 verbose headers   age: '0',
29 verbose headers   'x-served-by': 'cache-ams4136-AMS',
29 verbose headers   'x-cache': 'MISS',
29 verbose headers   'x-cache-hits': '0',
29 verbose headers   'x-timer': 'S1415140881.712340,VS0,VE672',
29 verbose headers   'keep-alive': 'timeout=10, max=50',
29 verbose headers   connection: 'Keep-Alive' }
30 silly registry.get cb [ 404,
30 silly registry.get   { date: 'Tue, 04 Nov 2014 22:41:22 GMT',
30 silly registry.get     server: 'CouchDB/1.5.0 (Erlang OTP/R16B03)',
30 silly registry.get     'content-type': 'application/json',
30 silly registry.get     'cache-control': 'max-age=0',
30 silly registry.get     'content-length': '52',
30 silly registry.get     'accept-ranges': 'bytes',
30 silly registry.get     via: '1.1 varnish',
30 silly registry.get     age: '0',
30 silly registry.get     'x-served-by': 'cache-ams4136-AMS',
30 silly registry.get     'x-cache': 'MISS',
30 silly registry.get     'x-cache-hits': '0',
30 silly registry.get     'x-timer': 'S1415140881.712340,VS0,VE672',
30 silly registry.get     'keep-alive': 'timeout=10, max=50',
30 silly registry.get     connection: 'Keep-Alive' } ]
31 silly lockFile 7dc73c36-stats-js stats.js@
32 silly lockFile 7dc73c36-stats-js stats.js@
33 error 404 404 Not Found: stats.js
33 error 404
33 error 404 'stats.js' is not in the npm registry.
33 error 404 You should bug the author to publish it
33 error 404 It was specified as a dependency of 'city'
33 error 404
33 error 404 Maybe try 'npm search stats'
33 error 404
33 error 404 Note that you can also install from a
33 error 404 tarball, folder, or http url, or git url.
34 error System Darwin 12.5.0
35 error command "node" "/usr/local/bin/npm" "install" "stats.js"
36 error cwd /Users/santi/Sites/city
37 error node -v v0.10.32
38 error npm -v 1.4.28
39 error code E404
40 verbose exit [ 1, true ]
